
> meso-web@0.1.0 dev
> vite --host 127.0.0.1 --port 5174


  VITE v5.4.21  ready in 159 ms

  ➜  Local:   http://127.0.0.1:5174/
23:54:04 [vite] hmr update /src/pages/DashboardPage/DashboardPage.tsx
00:48:51 [vite] hmr update /src/pages/DashboardPage/DashboardPage.tsx
00:48:51 [vite] hmr update /src/pages/DashboardPage/DashboardPage.tsx
00:48:51 [vite] hmr update /src/components/SymbolDetailDrawer/SymbolDetailDrawer.tsx, /src/components/QuadrantChart/QuadrantChart.tsx
00:49:44 [vite] hmr update /src/pages/DashboardPage/DashboardPage.tsx
00:49:44 [vite] hmr update /src/components/SymbolDetailDrawer/SymbolDetailDrawer.tsx
00:49:44 [vite] hmr update /src/components/TrendSummaryStrip/TrendSummaryStrip.tsx
00:51:50 [vite] hmr update /src/styles.css
00:52:03 [vite] hmr update /src/styles.css
00:52:17 [vite] hmr update /src/styles.css
00:52:27 [vite] hmr update /src/styles.css
01:15:26 [vite] hmr update /src/pages/DashboardPage/DashboardPage.tsx
01:15:26 [vite] hmr update /src/styles.css
01:15:26 [vite] hmr update /src/components/SymbolDetailDrawer/SymbolDetailDrawer.tsx
01:15:26 [vite] hmr update /src/pages/DashboardPage/DashboardPage.tsx
01:15:26 [vite] hmr update /src/components/SymbolDetailDrawer/SymbolDetailDrawer.tsx, /src/components/QuadrantChart/QuadrantChart.tsx, /src/components/SignalStateBadge/SignalStateBadge.tsx
01:15:26 [vite] hmr update /src/pages/DashboardPage/DashboardPage.tsx
01:15:26 [vite] hmr update /src/components/TrendSummaryStrip/TrendSummaryStrip.tsx
01:15:26 [vite] hmr update /src/components/SignalStateBadge/SignalStateBadge.tsx
01:19:58 [vite] hmr update /src/components/DateAccordion/DateAccordion.tsx
01:19:58 [vite] hmr update /src/styles.css
15:33:10 [vite] hmr update /src/components/DateAccordion/DateAccordion.tsx
15:33:10 [vite] hmr update /src/styles.css
15:33:10 [vite] hmr update /src/components/DateAccordion/DateAccordion.tsx
15:33:10 [vite] hmr update /src/styles.css
15:33:11 [vite] hmr update /src/components/DateAccordion/DateAccordion.tsx
15:33:11 [vite] hmr update /src/styles.css
15:46:50 [vite] hmr update /src/pages/DashboardPage/DashboardPage.tsx
15:47:06 [vite] hmr update /src/pages/DashboardPage/DashboardPage.tsx
15:47:38 [vite] hmr update /src/pages/DashboardPage/DashboardPage.tsx
15:48:10 [vite] hmr update /src/styles.css
15:48:16 [vite] hmr update /src/styles.css
15:53:29 [vite] hmr update /src/components/TrendConsistencyStrip/TrendConsistencyStrip.tsx
15:53:44 [vite] hmr update /src/components/TrendConsistencyStrip/TrendConsistencyStrip.tsx
15:54:28 [vite] hmr update /src/pages/DashboardPage/DashboardPage.tsx
15:55:00 [vite] hmr update /src/styles.css
15:55:22 [vite] hmr update /src/styles.css
15:55:32 [vite] hmr update /src/styles.css
15:56:05 [vite] hmr update /src/components/TrendConsistencyDrawer/TrendConsistencyDrawer.tsx
15:59:30 [vite] hmr update /src/components/TrendConsistencyDrawer/TrendConsistencyDrawer.tsx
15:59:40 [vite] hmr update /src/styles.css
16:01:05 [vite] hmr update /src/styles.css
16:06:42 [vite] hmr update /src/components/TrendConsistencyStrip/TrendConsistencyStrip.tsx
16:08:13 [vite] hmr update /src/components/TrendConsistencyDrawer/TrendConsistencyDrawer.tsx
16:08:27 [vite] hmr update /src/components/TrendConsistencyDrawer/TrendConsistencyDrawer.tsx
16:08:43 [vite] hmr update /src/styles.css
